Using pre-set license
Built from '2020.2/release' branch; Version is '2020.2.2f1 (068178b99f32) revision 426360'; Using compiler version '192528614'; Build Type 'Release'
OS: 'Windows 10 Home; OS build 18363.1316; Version 1909; 64bit' Language: 'en' Physical Memory: 16178 MB
BatchMode: 1, IsHumanControllingUs: 0, StartBugReporterOnCrash: 0, Is64bit: 1, IsPro: 0

 COMMAND LINE ARGUMENTS:
C:\Program Files\Unity\Hub\Editor\2020.2.2f1\Editor\Unity.exe
-adb2
-batchMode
-noUpm
-name
AssetImportWorker0
-projectPath
C:/Users/rebek/Desktop/StarwardBound/StarwardBound/StarwardBound
-logFile
Logs/AssetImportWorker0.log
-srvPort
14475
Successfully changed project path to: C:/Users/rebek/Desktop/StarwardBound/StarwardBound/StarwardBound
C:/Users/rebek/Desktop/StarwardBound/StarwardBound/StarwardBound
Using Asset Import Pipeline V2.
Refreshing native plugins compatible for Editor in 56.03 ms, found 1 plugins.
Preloading 0 native plugins for Editor in 0.00 ms.
Initialize engine version: 2020.2.2f1 (068178b99f32)
[Subsystems] Discovering subsystems at path C:/Program Files/Unity/Hub/Editor/2020.2.2f1/Editor/Data/Resources/UnitySubsystems
[Subsystems] Discovering subsystems at path C:/Users/rebek/Desktop/StarwardBound/StarwardBound/StarwardBound/Assets
GfxDevice: creating device client; threaded=0
Direct3D:
    Version:  Direct3D 11.0 [level 11.1]
    Renderer: NVIDIA GeForce GTX 1060 with Max-Q Design (ID=0x1c20)
    Vendor:   
    VRAM:     6052 MB
    Driver:   24.21.13.9836
Initialize mono
Mono path[0] = 'C:/Program Files/Unity/Hub/Editor/2020.2.2f1/Editor/Data/Managed'
Mono path[1] = 'C:/Program Files/Unity/Hub/Editor/2020.2.2f1/Editor/Data/MonoBleedingEdge/lib/mono/unityjit'
Mono config path = 'C:/Program Files/Unity/Hub/Editor/2020.2.2f1/Editor/Data/MonoBleedingEdge/etc'
Using monoOptions --debugger-agent=transport=dt_socket,embedding=1,server=y,suspend=n,address=127.0.0.1:56224
Begin MonoManager ReloadAssembly
Registering precompiled unity dll's ...
Register platform support module: C:/Program Files/Unity/Hub/Editor/2020.2.2f1/Editor/Data/PlaybackEngines/WindowsStandaloneSupport/UnityEditor.WindowsStandalone.Extensions.dll
Registered in 0.001801 seconds.
Native extension for WindowsStandalone target not found
Refreshing native plugins compatible for Editor in 42.50 ms, found 1 plugins.
Preloading 0 native plugins for Editor in 0.00 ms.
Invoked RoslynAnalysisRunner static constructor.
RoslynAnalysisRunner will not be running.
RoslynAnalysisRunner has terminated.
Mono: successfully reloaded assembly
- Completed reload, in  1.166 seconds
Platform modules already initialized, skipping
Registering precompiled user dll's ...
Registered in 0.001236 seconds.
Begin MonoManager ReloadAssembly
Native extension for WindowsStandalone target not found
Refreshing native plugins compatible for Editor in 40.95 ms, found 1 plugins.
Preloading 0 native plugins for Editor in 0.00 ms.
Invoked RoslynAnalysisRunner static constructor.
RoslynAnalysisRunner will not be running.
RoslynAnalysisRunner has terminated.
Mono: successfully reloaded assembly
- Completed reload, in  0.967 seconds
Platform modules already initialized, skipping
========================================================================
Worker process is ready to serve import requests
Launched and connected shader compiler UnityShaderCompiler.exe after 0.05 seconds
Refreshing native plugins compatible for Editor in 0.36 ms, found 1 plugins.
Preloading 0 native plugins for Editor in 0.00 ms.
Unloading 2089 Unused Serialized files (Serialized files now loaded: 0)
System memory in use before: 94.9 MB.
System memory in use after: 94.9 MB.

Unloading 26 unused Assets to reduce memory usage. Loaded Objects now: 2532.
Total: 2.566900 ms (FindLiveObjects: 0.292100 ms CreateObjectMapping: 0.126100 ms MarkObjects: 2.018800 ms  DeleteObjects: 0.128200 ms)

========================================================================
Received Import Request.
  path: Assets/StarwardBound.inputactions
  artifactKey: Guid(0ea2970027c5700438b91e13f42c8c09) Importer(815301076,1909f56bfc062723c751e8b465ee728b)
Start importing Assets/StarwardBound.inputactions using Guid(0ea2970027c5700438b91e13f42c8c09) Importer(815301076,1909f56bfc062723c751e8b465ee728b)  -> (artifact id: 'a07789f47971ba04ab05fab42140b11c') in 0.063223 seconds
  Import took 0.066646 seconds .

========================================================================
Received Import Request.
  Time since last request: 124.025677 seconds.
  path: Assets/InputSystem.inputsettings.asset
  artifactKey: Guid(9ec4df4f3b4b58442b8a791de596d495) Importer(815301076,1909f56bfc062723c751e8b465ee728b)
Start importing Assets/InputSystem.inputsettings.asset using Guid(9ec4df4f3b4b58442b8a791de596d495) Importer(815301076,1909f56bfc062723c751e8b465ee728b)  -> (artifact id: 'eb92458936fb412a678f2cba3680c544') in 0.007584 seconds
  Import took 0.011577 seconds .

========================================================================
Received Import Request.
  Time since last request: 0.006754 seconds.
  path: Assets/InputSystem.inputsettings.asset
  artifactKey: Guid(9ec4df4f3b4b58442b8a791de596d495) Importer(815301076,1909f56bfc062723c751e8b465ee728b)
Start importing Assets/InputSystem.inputsettings.asset using Guid(9ec4df4f3b4b58442b8a791de596d495) Importer(815301076,1909f56bfc062723c751e8b465ee728b)  -> (artifact id: 'eb92458936fb412a678f2cba3680c544') in 0.002227 seconds
  Import took 0.005568 seconds .

========================================================================
Received Import Request.
  Time since last request: 17.758756 seconds.
  path: Assets/PlayerHandler.inputsettings.asset
  artifactKey: Guid(9ec4df4f3b4b58442b8a791de596d495) Importer(815301076,1909f56bfc062723c751e8b465ee728b)
Start importing Assets/PlayerHandler.inputsettings.asset using Guid(9ec4df4f3b4b58442b8a791de596d495) Importer(815301076,1909f56bfc062723c751e8b465ee728b)  -> (artifact id: 'e7cb5d55e66116a72e9f01b1475b7df9') in 0.003588 seconds
  Import took 0.007310 seconds .

========================================================================
Received Import Request.
  Time since last request: 21.088788 seconds.
  path: Assets
  artifactKey: Guid(00000000000000001000000000000000) Importer(815301076,1909f56bfc062723c751e8b465ee728b)
Start importing Assets using Guid(00000000000000001000000000000000) Importer(815301076,1909f56bfc062723c751e8b465ee728b)  -> (artifact id: '4a6e520b92ccfc61bcfa21a7bcab8468') in 0.002264 seconds
  Import took 0.006937 seconds .

========================================================================
Received Import Request.
  Time since last request: 16.861410 seconds.
  path: Assets/PlayerController.inputactions
  artifactKey: Guid(0ea2970027c5700438b91e13f42c8c09) Importer(815301076,1909f56bfc062723c751e8b465ee728b)
Start importing Assets/PlayerController.inputactions using Guid(0ea2970027c5700438b91e13f42c8c09) Importer(815301076,1909f56bfc062723c751e8b465ee728b)  -> (artifact id: '2e028086859cd77d6d2932fdb4a9fd45') in 0.009756 seconds
  Import took 0.014288 seconds .

========================================================================
Received Import Request.
  Time since last request: 0.006838 seconds.
  path: Assets/PlayerController.inputactions
  artifactKey: Guid(0ea2970027c5700438b91e13f42c8c09) Importer(815301076,1909f56bfc062723c751e8b465ee728b)
Start importing Assets/PlayerController.inputactions using Guid(0ea2970027c5700438b91e13f42c8c09) Importer(815301076,1909f56bfc062723c751e8b465ee728b)  -> (artifact id: '2e028086859cd77d6d2932fdb4a9fd45') in 0.006026 seconds
  Import took 0.009569 seconds .

========================================================================
Received Prepare
Registering precompiled user dll's ...
Registered in 0.001058 seconds.
Begin MonoManager ReloadAssembly
Native extension for WindowsStandalone target not found
Refreshing native plugins compatible for Editor in 0.55 ms, found 1 plugins.
Preloading 0 native plugins for Editor in 0.00 ms.
Invoked RoslynAnalysisRunner static constructor.
RoslynAnalysisRunner will not be running.
RoslynAnalysisRunner has terminated.
Mono: successfully reloaded assembly
- Completed reload, in  0.977 seconds
Platform modules already initialized, skipping
Refreshing native plugins compatible for Editor in 0.50 ms, found 1 plugins.
Preloading 0 native plugins for Editor in 0.00 ms.
Unloading 2084 Unused Serialized files (Serialized files now loaded: 0)
System memory in use before: 95.1 MB.
System memory in use after: 95.1 MB.

Unloading 12 unused Assets to reduce memory usage. Loaded Objects now: 2535.
Total: 2.230700 ms (FindLiveObjects: 0.185700 ms CreateObjectMapping: 0.087200 ms MarkObjects: 1.864000 ms  DeleteObjects: 0.092800 ms)

========================================================================
Received Prepare
Registering precompiled user dll's ...
Registered in 0.001003 seconds.
Begin MonoManager ReloadAssembly
Native extension for WindowsStandalone target not found
Refreshing native plugins compatible for Editor in 0.35 ms, found 1 plugins.
Preloading 0 native plugins for Editor in 0.00 ms.
Invoked RoslynAnalysisRunner static constructor.
RoslynAnalysisRunner will not be running.
RoslynAnalysisRunner has terminated.
Mono: successfully reloaded assembly
- Completed reload, in  0.941 seconds
Platform modules already initialized, skipping
Refreshing native plugins compatible for Editor in 0.35 ms, found 1 plugins.
Preloading 0 native plugins for Editor in 0.00 ms.
Unloading 2085 Unused Serialized files (Serialized files now loaded: 0)
System memory in use before: 95.2 MB.
System memory in use after: 95.2 MB.

Unloading 12 unused Assets to reduce memory usage. Loaded Objects now: 2539.
Total: 2.807900 ms (FindLiveObjects: 0.277300 ms CreateObjectMapping: 0.131200 ms MarkObjects: 2.278600 ms  DeleteObjects: 0.119100 ms)

========================================================================
Received Import Request.
  Time since last request: 105.172750 seconds.
  path: Assets/PlayerController.cs
  artifactKey: Guid(2b7ee6278f43d0b4eb3aa052e166a4dc) Importer(815301076,1909f56bfc062723c751e8b465ee728b)
Start importing Assets/PlayerController.cs using Guid(2b7ee6278f43d0b4eb3aa052e166a4dc) Importer(815301076,1909f56bfc062723c751e8b465ee728b)  -> (artifact id: '79800817354565cd78941fcbb8a1805c') in 0.009657 seconds
  Import took 0.012781 seconds .

========================================================================
Received Prepare
Registering precompiled user dll's ...
Registered in 0.001041 seconds.
Begin MonoManager ReloadAssembly
Native extension for WindowsStandalone target not found
Refreshing native plugins compatible for Editor in 0.39 ms, found 1 plugins.
Preloading 0 native plugins for Editor in 0.00 ms.
Invoked RoslynAnalysisRunner static constructor.
RoslynAnalysisRunner will not be running.
RoslynAnalysisRunner has terminated.
Mono: successfully reloaded assembly
- Completed reload, in  1.016 seconds
Platform modules already initialized, skipping
Refreshing native plugins compatible for Editor in 0.40 ms, found 1 plugins.
Preloading 0 native plugins for Editor in 0.00 ms.
Unloading 2085 Unused Serialized files (Serialized files now loaded: 0)
System memory in use before: 95.3 MB.
System memory in use after: 95.3 MB.

Unloading 12 unused Assets to reduce memory usage. Loaded Objects now: 2542.
Total: 2.898400 ms (FindLiveObjects: 0.189900 ms CreateObjectMapping: 0.077200 ms MarkObjects: 2.476200 ms  DeleteObjects: 0.153300 ms)

========================================================================
Received Import Request.
  Time since last request: 62.071824 seconds.
  path: Assets/PlayerController.inputactions
  artifactKey: Guid(0ea2970027c5700438b91e13f42c8c09) Importer(815301076,1909f56bfc062723c751e8b465ee728b)
Start importing Assets/PlayerController.inputactions using Guid(0ea2970027c5700438b91e13f42c8c09) Importer(815301076,1909f56bfc062723c751e8b465ee728b)  -> (artifact id: '2bcf1aef8d61181dcead32d72c9932a8') in 0.022568 seconds
  Import took 0.027463 seconds .

========================================================================
Received Import Request.
  Time since last request: 0.162118 seconds.
  path: Assets/PlayerController.inputactions
  artifactKey: Guid(0ea2970027c5700438b91e13f42c8c09) Importer(815301076,1909f56bfc062723c751e8b465ee728b)
Start importing Assets/PlayerController.inputactions using Guid(0ea2970027c5700438b91e13f42c8c09) Importer(815301076,1909f56bfc062723c751e8b465ee728b)  -> (artifact id: '2bcf1aef8d61181dcead32d72c9932a8') in 0.005415 seconds
  Import took 0.009996 seconds .

========================================================================
Received Prepare
Registering precompiled user dll's ...
Registered in 0.001517 seconds.
Begin MonoManager ReloadAssembly
Native extension for WindowsStandalone target not found
Refreshing native plugins compatible for Editor in 0.35 ms, found 1 plugins.
Preloading 0 native plugins for Editor in 0.00 ms.
Invoked RoslynAnalysisRunner static constructor.
RoslynAnalysisRunner will not be running.
RoslynAnalysisRunner has terminated.
Mono: successfully reloaded assembly
- Completed reload, in  0.912 seconds
Platform modules already initialized, skipping
Refreshing native plugins compatible for Editor in 0.40 ms, found 1 plugins.
Preloading 0 native plugins for Editor in 0.00 ms.
Unloading 2085 Unused Serialized files (Serialized files now loaded: 0)
System memory in use before: 95.4 MB.
System memory in use after: 95.4 MB.

Unloading 12 unused Assets to reduce memory usage. Loaded Objects now: 2545.
Total: 2.378200 ms (FindLiveObjects: 0.202900 ms CreateObjectMapping: 0.072900 ms MarkObjects: 2.007200 ms  DeleteObjects: 0.094500 ms)

========================================================================
Received Import Request.
  Time since last request: 6.483626 seconds.
  path: Assets/PlayerController.cs
  artifactKey: Guid(2b7ee6278f43d0b4eb3aa052e166a4dc) Importer(815301076,1909f56bfc062723c751e8b465ee728b)
Start importing Assets/PlayerController.cs using Guid(2b7ee6278f43d0b4eb3aa052e166a4dc) Importer(815301076,1909f56bfc062723c751e8b465ee728b)  -> (artifact id: '0fe94fd7a730004855c747323c3e10ec') in 0.005443 seconds
  Import took 0.009548 seconds .

========================================================================
Received Import Request.
  Time since last request: 0.025946 seconds.
  path: Assets/PlayerController.cs
  artifactKey: Guid(2b7ee6278f43d0b4eb3aa052e166a4dc) Importer(815301076,1909f56bfc062723c751e8b465ee728b)
Start importing Assets/PlayerController.cs using Guid(2b7ee6278f43d0b4eb3aa052e166a4dc) Importer(815301076,1909f56bfc062723c751e8b465ee728b)  -> (artifact id: '0fe94fd7a730004855c747323c3e10ec') in 0.002687 seconds
  Import took 0.006137 seconds .

========================================================================
Received Prepare
Registering precompiled user dll's ...
Registered in 0.001033 seconds.
Begin MonoManager ReloadAssembly
Native extension for WindowsStandalone target not found
Refreshing native plugins compatible for Editor in 0.41 ms, found 1 plugins.
Preloading 0 native plugins for Editor in 0.00 ms.
Invoked RoslynAnalysisRunner static constructor.
RoslynAnalysisRunner will not be running.
RoslynAnalysisRunner has terminated.
Mono: successfully reloaded assembly
- Completed reload, in  0.880 seconds
Platform modules already initialized, skipping
Refreshing native plugins compatible for Editor in 0.38 ms, found 1 plugins.
Preloading 0 native plugins for Editor in 0.00 ms.
Unloading 2085 Unused Serialized files (Serialized files now loaded: 0)
System memory in use before: 95.5 MB.
System memory in use after: 95.5 MB.

Unloading 12 unused Assets to reduce memory usage. Loaded Objects now: 2548.
Total: 2.489900 ms (FindLiveObjects: 0.224700 ms CreateObjectMapping: 0.076800 ms MarkObjects: 2.084400 ms  DeleteObjects: 0.103000 ms)

========================================================================
Received Import Request.
  Time since last request: 80.031341 seconds.
  path: Assets/PlayerMovement.cs
  artifactKey: Guid(4febc7ab7c29f1e4ea06bf9f2812d230) Importer(815301076,1909f56bfc062723c751e8b465ee728b)
Start importing Assets/PlayerMovement.cs using Guid(4febc7ab7c29f1e4ea06bf9f2812d230) Importer(815301076,1909f56bfc062723c751e8b465ee728b)  -> (artifact id: 'cdf68abcca24fe643ac84d33f38faea2') in 0.005282 seconds
  Import took 0.009622 seconds .

========================================================================
Received Import Request.
  Time since last request: 0.003252 seconds.
  path: Assets/PlayerMovement.cs
  artifactKey: Guid(4febc7ab7c29f1e4ea06bf9f2812d230) Importer(815301076,1909f56bfc062723c751e8b465ee728b)
Start importing Assets/PlayerMovement.cs using Guid(4febc7ab7c29f1e4ea06bf9f2812d230) Importer(815301076,1909f56bfc062723c751e8b465ee728b)  -> (artifact id: 'cdf68abcca24fe643ac84d33f38faea2') in 0.002632 seconds
  Import took 0.006412 seconds .

========================================================================
Received Prepare
Registering precompiled user dll's ...
Registered in 0.001186 seconds.
Begin MonoManager ReloadAssembly
Native extension for WindowsStandalone target not found
Refreshing native plugins compatible for Editor in 0.74 ms, found 1 plugins.
Preloading 0 native plugins for Editor in 0.00 ms.
Invoked RoslynAnalysisRunner static constructor.
RoslynAnalysisRunner will not be running.
RoslynAnalysisRunner has terminated.
Mono: successfully reloaded assembly
- Completed reload, in  0.900 seconds
Platform modules already initialized, skipping
Refreshing native plugins compatible for Editor in 0.35 ms, found 1 plugins.
Preloading 0 native plugins for Editor in 0.00 ms.
Unloading 2086 Unused Serialized files (Serialized files now loaded: 0)
System memory in use before: 95.6 MB.
System memory in use after: 95.6 MB.

Unloading 12 unused Assets to reduce memory usage. Loaded Objects now: 2552.
Total: 2.822300 ms (FindLiveObjects: 0.276800 ms CreateObjectMapping: 0.104900 ms MarkObjects: 2.309900 ms  DeleteObjects: 0.127700 ms)

========================================================================
Received Prepare
Registering precompiled user dll's ...
Registered in 0.001049 seconds.
Begin MonoManager ReloadAssembly
Native extension for WindowsStandalone target not found
Refreshing native plugins compatible for Editor in 0.50 ms, found 1 plugins.
Preloading 0 native plugins for Editor in 0.00 ms.
Invoked RoslynAnalysisRunner static constructor.
RoslynAnalysisRunner will not be running.
RoslynAnalysisRunner has terminated.
Mono: successfully reloaded assembly
- Completed reload, in  1.006 seconds
Platform modules already initialized, skipping
Refreshing native plugins compatible for Editor in 0.37 ms, found 1 plugins.
Preloading 0 native plugins for Editor in 0.00 ms.
Unloading 2086 Unused Serialized files (Serialized files now loaded: 0)
System memory in use before: 95.6 MB.
System memory in use after: 95.6 MB.

Unloading 12 unused Assets to reduce memory usage. Loaded Objects now: 2555.
Total: 2.684800 ms (FindLiveObjects: 0.295700 ms CreateObjectMapping: 0.107500 ms MarkObjects: 2.100200 ms  DeleteObjects: 0.179700 ms)

========================================================================
Received Import Request.
  Time since last request: 413.328346 seconds.
  path: Assets/PlayerMovement.cs
  artifactKey: Guid(4febc7ab7c29f1e4ea06bf9f2812d230) Importer(815301076,1909f56bfc062723c751e8b465ee728b)
Start importing Assets/PlayerMovement.cs using Guid(4febc7ab7c29f1e4ea06bf9f2812d230) Importer(815301076,1909f56bfc062723c751e8b465ee728b)  -> (artifact id: '6b88012cd39cc8d2e55319cf45d251d6') in 0.004199 seconds
  Import took 0.007717 seconds .

========================================================================
Received Prepare
Registering precompiled user dll's ...
Registered in 0.002044 seconds.
Begin MonoManager ReloadAssembly
Native extension for WindowsStandalone target not found
Refreshing native plugins compatible for Editor in 0.41 ms, found 1 plugins.
Preloading 0 native plugins for Editor in 0.00 ms.
Invoked RoslynAnalysisRunner static constructor.
RoslynAnalysisRunner will not be running.
RoslynAnalysisRunner has terminated.
Mono: successfully reloaded assembly
- Completed reload, in  1.121 seconds
Platform modules already initialized, skipping
Refreshing native plugins compatible for Editor in 0.41 ms, found 1 plugins.
Preloading 0 native plugins for Editor in 0.00 ms.
Unloading 2086 Unused Serialized files (Serialized files now loaded: 0)
System memory in use before: 95.7 MB.
System memory in use after: 95.7 MB.

Unloading 12 unused Assets to reduce memory usage. Loaded Objects now: 2558.
Total: 3.184800 ms (FindLiveObjects: 0.239800 ms CreateObjectMapping: 0.097500 ms MarkObjects: 2.748500 ms  DeleteObjects: 0.097800 ms)

========================================================================
Received Prepare
Registering precompiled user dll's ...
Registered in 0.001702 seconds.
Begin MonoManager ReloadAssembly
Native extension for WindowsStandalone target not found
Refreshing native plugins compatible for Editor in 0.64 ms, found 1 plugins.
Preloading 0 native plugins for Editor in 0.00 ms.
Invoked RoslynAnalysisRunner static constructor.
RoslynAnalysisRunner will not be running.
RoslynAnalysisRunner has terminated.
Mono: successfully reloaded assembly
- Completed reload, in  1.140 seconds
Platform modules already initialized, skipping
Refreshing native plugins compatible for Editor in 0.41 ms, found 1 plugins.
Preloading 0 native plugins for Editor in 0.00 ms.
Unloading 2086 Unused Serialized files (Serialized files now loaded: 0)
System memory in use before: 95.8 MB.
System memory in use after: 95.8 MB.

Unloading 12 unused Assets to reduce memory usage. Loaded Objects now: 2561.
Total: 2.428500 ms (FindLiveObjects: 0.218300 ms CreateObjectMapping: 0.083300 ms MarkObjects: 2.026000 ms  DeleteObjects: 0.099500 ms)

========================================================================
Received Prepare
Registering precompiled user dll's ...
Registered in 0.001111 seconds.
Begin MonoManager ReloadAssembly
Native extension for WindowsStandalone target not found
Refreshing native plugins compatible for Editor in 0.38 ms, found 1 plugins.
Preloading 0 native plugins for Editor in 0.00 ms.
Invoked RoslynAnalysisRunner static constructor.
RoslynAnalysisRunner will not be running.
RoslynAnalysisRunner has terminated.
Mono: successfully reloaded assembly
- Completed reload, in  0.925 seconds
Platform modules already initialized, skipping
Refreshing native plugins compatible for Editor in 0.49 ms, found 1 plugins.
Preloading 0 native plugins for Editor in 0.00 ms.
Unloading 2086 Unused Serialized files (Serialized files now loaded: 0)
System memory in use before: 95.8 MB.
System memory in use after: 95.8 MB.

Unloading 12 unused Assets to reduce memory usage. Loaded Objects now: 2564.
Total: 2.378300 ms (FindLiveObjects: 0.236700 ms CreateObjectMapping: 0.098500 ms MarkObjects: 1.940300 ms  DeleteObjects: 0.101500 ms)

========================================================================
Received Prepare
Registering precompiled user dll's ...
Registered in 0.001023 seconds.
Begin MonoManager ReloadAssembly
Native extension for WindowsStandalone target not found
Refreshing native plugins compatible for Editor in 0.46 ms, found 1 plugins.
Preloading 0 native plugins for Editor in 0.00 ms.
Invoked RoslynAnalysisRunner static constructor.
RoslynAnalysisRunner will not be running.
RoslynAnalysisRunner has terminated.
Mono: successfully reloaded assembly
- Completed reload, in  0.938 seconds
Platform modules already initialized, skipping
Refreshing native plugins compatible for Editor in 0.85 ms, found 1 plugins.
Preloading 0 native plugins for Editor in 0.00 ms.
Unloading 2086 Unused Serialized files (Serialized files now loaded: 0)
System memory in use before: 95.9 MB.
System memory in use after: 95.9 MB.

Unloading 12 unused Assets to reduce memory usage. Loaded Objects now: 2567.
Total: 2.402100 ms (FindLiveObjects: 0.200200 ms CreateObjectMapping: 0.076000 ms MarkObjects: 2.031200 ms  DeleteObjects: 0.093600 ms)

========================================================================
Received Prepare
Registering precompiled user dll's ...
Registered in 0.001523 seconds.
Begin MonoManager ReloadAssembly
Native extension for WindowsStandalone target not found
Refreshing native plugins compatible for Editor in 0.39 ms, found 1 plugins.
Preloading 0 native plugins for Editor in 0.00 ms.
Invoked RoslynAnalysisRunner static constructor.
RoslynAnalysisRunner will not be running.
RoslynAnalysisRunner has terminated.
Mono: successfully reloaded assembly
- Completed reload, in  0.917 seconds
Platform modules already initialized, skipping
Refreshing native plugins compatible for Editor in 0.34 ms, found 1 plugins.
Preloading 0 native plugins for Editor in 0.00 ms.
Unloading 2086 Unused Serialized files (Serialized files now loaded: 0)
System memory in use before: 96.0 MB.
System memory in use after: 96.0 MB.

Unloading 12 unused Assets to reduce memory usage. Loaded Objects now: 2570.
Total: 2.827400 ms (FindLiveObjects: 0.246300 ms CreateObjectMapping: 0.104800 ms MarkObjects: 2.302900 ms  DeleteObjects: 0.171600 ms)

========================================================================
Received Import Request.
  Time since last request: 355.037519 seconds.
  path: Assets/PlayerMovement.cs
  artifactKey: Guid(4febc7ab7c29f1e4ea06bf9f2812d230) Importer(815301076,1909f56bfc062723c751e8b465ee728b)
Start importing Assets/PlayerMovement.cs using Guid(4febc7ab7c29f1e4ea06bf9f2812d230) Importer(815301076,1909f56bfc062723c751e8b465ee728b)  -> (artifact id: '112878768ad123ee4f972989fbecd737') in 0.005240 seconds
  Import took 0.009630 seconds .

========================================================================
Received Import Request.
  Time since last request: 0.002350 seconds.
  path: Assets/PlayerMovement.cs
  artifactKey: Guid(4febc7ab7c29f1e4ea06bf9f2812d230) Importer(815301076,1909f56bfc062723c751e8b465ee728b)
Start importing Assets/PlayerMovement.cs using Guid(4febc7ab7c29f1e4ea06bf9f2812d230) Importer(815301076,1909f56bfc062723c751e8b465ee728b)  -> (artifact id: '112878768ad123ee4f972989fbecd737') in 0.001761 seconds
  Import took 0.005561 seconds .

========================================================================
Received Prepare
Registering precompiled user dll's ...
Registered in 0.000980 seconds.
Begin MonoManager ReloadAssembly
Native extension for WindowsStandalone target not found
Refreshing native plugins compatible for Editor in 0.36 ms, found 1 plugins.
Preloading 0 native plugins for Editor in 0.00 ms.
Invoked RoslynAnalysisRunner static constructor.
RoslynAnalysisRunner will not be running.
RoslynAnalysisRunner has terminated.
Mono: successfully reloaded assembly
- Completed reload, in  0.930 seconds
Platform modules already initialized, skipping
Refreshing native plugins compatible for Editor in 0.37 ms, found 1 plugins.
Preloading 0 native plugins for Editor in 0.00 ms.
Unloading 2084 Unused Serialized files (Serialized files now loaded: 0)
System memory in use before: 96.0 MB.
System memory in use after: 96.0 MB.

Unloading 14 unused Assets to reduce memory usage. Loaded Objects now: 2571.
Total: 4.330800 ms (FindLiveObjects: 0.390800 ms CreateObjectMapping: 0.217500 ms MarkObjects: 3.585300 ms  DeleteObjects: 0.135400 ms)

========================================================================
Received Prepare
Registering precompiled user dll's ...
Registered in 0.001002 seconds.
Begin MonoManager ReloadAssembly
Native extension for WindowsStandalone target not found
Refreshing native plugins compatible for Editor in 30.42 ms, found 1 plugins.
Preloading 0 native plugins for Editor in 0.00 ms.
Invoked RoslynAnalysisRunner static constructor.
RoslynAnalysisRunner will not be running.
RoslynAnalysisRunner has terminated.
Mono: successfully reloaded assembly
- Completed reload, in  0.821 seconds
Platform modules already initialized, skipping
Refreshing native plugins compatible for Editor in 0.32 ms, found 1 plugins.
Preloading 0 native plugins for Editor in 0.00 ms.
Unloading 1788 Unused Serialized files (Serialized files now loaded: 0)
System memory in use before: 89.8 MB.
System memory in use after: 89.8 MB.

Unloading 306 unused Assets to reduce memory usage. Loaded Objects now: 2280.
Total: 2.226600 ms (FindLiveObjects: 0.202400 ms CreateObjectMapping: 0.073500 ms MarkObjects: 1.674600 ms  DeleteObjects: 0.275000 ms)

AssetImportWorkerClient::OnTransportError - code=2 error=End of file
